[32minfo[39m: Winston ENV: development
[32minfo[39m: server running on port 8080
[31merror[39m: Usuario con id undefined no encontrado.
[31merror[39m: error en la base de datos user.save is not a function {"stack":"TypeError: user.save is not a function\n    at UserMongo.updatePassword (file:///C:/Users/javie/OneDrive/Escritorio/mocking-testing/src/DAO/classes/userClass.js:11:24)\n    at updatePassword (file:///C:/Users/javie/OneDrive/Escritorio/mocking-testing/src/server_controlers/session.controler.js:134:29)\n    at Layer.handle [as handle_request] (C:\\Users\\javie\\OneDrive\\Escritorio\\mocking-testing\\node_modules\\express\\lib\\router\\layer.js:95:5)\n    at next (C:\\Users\\javie\\OneDrive\\Escritorio\\mocking-testing\\node_modules\\express\\lib\\router\\route.js:144:13)\n    at Route.dispatch (C:\\Users\\javie\\OneDrive\\Escritorio\\mocking-testing\\node_modules\\express\\lib\\router\\route.js:114:3)\n    at Layer.handle [as handle_request] (C:\\Users\\javie\\OneDrive\\Escritorio\\mocking-testing\\node_modules\\express\\lib\\router\\layer.js:95:5)\n    at C:\\Users\\javie\\OneDrive\\Escritorio\\mocking-testing\\node_modules\\express\\lib\\router\\index.js:284:15\n    at Function.process_params (C:\\Users\\javie\\OneDrive\\Escritorio\\mocking-testing\\node_modules\\express\\lib\\router\\index.js:346:12)\n    at next (C:\\Users\\javie\\OneDrive\\Escritorio\\mocking-testing\\node_modules\\express\\lib\\router\\index.js:280:10)\n    at Function.handle (C:\\Users\\javie\\OneDrive\\Escritorio\\mocking-testing\\node_modules\\express\\lib\\router\\index.js:175:3)"}
[31merror[39m: error al obtener usuario:  Cast to ObjectId failed for value ":659e0cacf2b1b7a046aaee81" (type string) at path "_id" for model "users" {"kind":"ObjectId","path":"_id","reason":{},"stack":"CastError: Cast to ObjectId failed for value \":659e0cacf2b1b7a046aaee81\" (type string) at path \"_id\" for model \"users\"\n    at SchemaObjectId.cast (C:\\Users\\javie\\OneDrive\\Escritorio\\coder_latest_proyects\\mocking-testing\\node_modules\\mongoose\\lib\\schema\\objectId.js:250:11)\n    at SchemaType.applySetters (C:\\Users\\javie\\OneDrive\\Escritorio\\coder_latest_proyects\\mocking-testing\\node_modules\\mongoose\\lib\\schemaType.js:1219:12)\n    at SchemaType.castForQuery (C:\\Users\\javie\\OneDrive\\Escritorio\\coder_latest_proyects\\mocking-testing\\node_modules\\mongoose\\lib\\schemaType.js:1633:15)\n    at cast (C:\\Users\\javie\\OneDrive\\Escritorio\\coder_latest_proyects\\mocking-testing\\node_modules\\mongoose\\lib\\cast.js:375:32)\n    at Query.cast (C:\\Users\\javie\\OneDrive\\Escritorio\\coder_latest_proyects\\mocking-testing\\node_modules\\mongoose\\lib\\query.js:4768:12)\n    at Query._castConditions (C:\\Users\\javie\\OneDrive\\Escritorio\\coder_latest_proyects\\mocking-testing\\node_modules\\mongoose\\lib\\query.js:2200:10)\n    at model.Query._findOne (C:\\Users\\javie\\OneDrive\\Escritorio\\coder_latest_proyects\\mocking-testing\\node_modules\\mongoose\\lib\\query.js:2484:8)\n    at model.Query.exec (C:\\Users\\javie\\OneDrive\\Escritorio\\coder_latest_proyects\\mocking-testing\\node_modules\\mongoose\\lib\\query.js:4290:80)\n    at process.processTicksAndRejections (node:internal/process/task_queues:95:5)\n    at async CartsMongo.userCarts (file:///C:/Users/javie/OneDrive/Escritorio/coder_latest_proyects/mocking-testing/src/DAO/classes/cartsClass.js:42:19)\n    at async getUserCart (file:///C:/Users/javie/OneDrive/Escritorio/coder_latest_proyects/mocking-testing/src/server_controlers/cart.controler.js:27:18)","stringValue":"\":659e0cacf2b1b7a046aaee81\"","value":":659e0cacf2b1b7a046aaee81","valueType":"string"}
[31merror[39m: error Cannot read properties of undefined (reading 'role') {"stack":"TypeError: Cannot read properties of undefined (reading 'role')\n    at ProductsMOngo.deleteProduct (file:///C:/Users/javie/OneDrive/Escritorio/coder_latest_proyects/mocking-testing/src/DAO/classes/productsClass.js:79:16)\n    at process.processTicksAndRejections (node:internal/process/task_queues:95:5)\n    at async deleteProduct (file:///C:/Users/javie/OneDrive/Escritorio/coder_latest_proyects/mocking-testing/src/server_controlers/products.controler.js:106:20)"}
[31merror[39m: error al obtener usuario en bd cartUser._id is not iterable {"stack":"TypeError: cartUser._id is not iterable\n    at Strategy._verify (file:///C:/Users/javie/OneDrive/Escritorio/coder_latest_proyects/mocking-testing/src/config/passport.config.js:32:35)\n    at process.processTicksAndRejections (node:internal/process/task_queues:95:5)"}
[31merror[39m: error al obtener usuario en bd cartUser._id is not iterable {"stack":"TypeError: cartUser._id is not iterable\n    at Strategy._verify (file:///C:/Users/javie/OneDrive/Escritorio/coder_latest_proyects/mocking-testing/src/config/passport.config.js:32:35)\n    at process.processTicksAndRejections (node:internal/process/task_queues:95:5)"}
[31merror[39m: error en la base de datos Cannot read properties of undefined (reading 'push') {"stack":"TypeError: Cannot read properties of undefined (reading 'push')\n    at UserMongo.updateRole (file:///C:/Users/javie/OneDrive/Escritorio/coder_latest_proyects/mocking-testing/src/DAO/classes/userClass.js:34:29)\n    at process.processTicksAndRejections (node:internal/process/task_queues:95:5)\n    at async updateRole (file:///C:/Users/javie/OneDrive/Escritorio/coder_latest_proyects/mocking-testing/src/server_controlers/session.controler.js:91:19)"}
[31merror[39m: error en la base de datos Cannot read properties of undefined (reading 'push') {"stack":"TypeError: Cannot read properties of undefined (reading 'push')\n    at UserMongo.updateRole (file:///C:/Users/javie/OneDrive/Escritorio/coder_latest_proyects/mocking-testing/src/DAO/classes/userClass.js:35:29)\n    at process.processTicksAndRejections (node:internal/process/task_queues:95:5)\n    at async updateRole (file:///C:/Users/javie/OneDrive/Escritorio/coder_latest_proyects/mocking-testing/src/server_controlers/session.controler.js:91:19)"}
[31merror[39m: error en la base de datos Cannot read properties of undefined (reading '0') {"stack":"TypeError: Cannot read properties of undefined (reading '0')\n    at UserMongo.updateRole (file:///C:/Users/javie/OneDrive/Escritorio/coder_latest_proyects/mocking-testing/src/DAO/classes/userClass.js:36:57)\n    at process.processTicksAndRejections (node:internal/process/task_queues:95:5)\n    at async updateRole (file:///C:/Users/javie/OneDrive/Escritorio/coder_latest_proyects/mocking-testing/src/server_controlers/session.controler.js:91:19)"}
[31merror[39m: error en la base de datos Cannot read properties of undefined (reading '0') {"stack":"TypeError: Cannot read properties of undefined (reading '0')\n    at UserMongo.updateRole (file:///C:/Users/javie/OneDrive/Escritorio/coder_latest_proyects/mocking-testing/src/DAO/classes/userClass.js:35:40)\n    at process.processTicksAndRejections (node:internal/process/task_queues:95:5)\n    at async updateRole (file:///C:/Users/javie/OneDrive/Escritorio/coder_latest_proyects/mocking-testing/src/server_controlers/session.controler.js:91:19)"}
[31merror[39m: error en la base de datos Cannot read properties of undefined (reading '0') {"stack":"TypeError: Cannot read properties of undefined (reading '0')\n    at UserMongo.updateRole (file:///C:/Users/javie/OneDrive/Escritorio/coder_latest_proyects/mocking-testing/src/DAO/classes/userClass.js:35:40)\n    at process.processTicksAndRejections (node:internal/process/task_queues:95:5)\n    at async updateRole (file:///C:/Users/javie/OneDrive/Escritorio/coder_latest_proyects/mocking-testing/src/server_controlers/session.controler.js:91:19)"}
[31merror[39m: error en la base de datos user.save is not a function {"stack":"TypeError: user.save is not a function\n    at UserMongo.updateRole (file:///C:/Users/javie/OneDrive/Escritorio/coder_latest_proyects/mocking-testing/src/DAO/classes/userClass.js:41:18)\n    at process.processTicksAndRejections (node:internal/process/task_queues:95:5)\n    at async updateRole (file:///C:/Users/javie/OneDrive/Escritorio/coder_latest_proyects/mocking-testing/src/server_controlers/session.controler.js:91:19)"}
[31merror[39m: error: Cast to ObjectId failed for value "4" (type string) at path "_id" for model "products" {"kind":"ObjectId","path":"_id","reason":{},"stack":"CastError: Cast to ObjectId failed for value \"4\" (type string) at path \"_id\" for model \"products\"\n    at SchemaObjectId.cast (C:\\Users\\javie\\OneDrive\\Escritorio\\coder_latest_proyects\\mocking-testing\\node_modules\\mongoose\\lib\\schema\\objectId.js:250:11)\n    at SchemaType.applySetters (C:\\Users\\javie\\OneDrive\\Escritorio\\coder_latest_proyects\\mocking-testing\\node_modules\\mongoose\\lib\\schemaType.js:1219:12)\n    at SchemaType.castForQuery (C:\\Users\\javie\\OneDrive\\Escritorio\\coder_latest_proyects\\mocking-testing\\node_modules\\mongoose\\lib\\schemaType.js:1633:15)\n    at cast (C:\\Users\\javie\\OneDrive\\Escritorio\\coder_latest_proyects\\mocking-testing\\node_modules\\mongoose\\lib\\cast.js:375:32)\n    at Query.cast (C:\\Users\\javie\\OneDrive\\Escritorio\\coder_latest_proyects\\mocking-testing\\node_modules\\mongoose\\lib\\query.js:4768:12)\n    at Query._castConditions (C:\\Users\\javie\\OneDrive\\Escritorio\\coder_latest_proyects\\mocking-testing\\node_modules\\mongoose\\lib\\query.js:2200:10)\n    at model.Query._findOne (C:\\Users\\javie\\OneDrive\\Escritorio\\coder_latest_proyects\\mocking-testing\\node_modules\\mongoose\\lib\\query.js:2484:8)\n    at model.Query.exec (C:\\Users\\javie\\OneDrive\\Escritorio\\coder_latest_proyects\\mocking-testing\\node_modules\\mongoose\\lib\\query.js:4290:80)\n    at process.processTicksAndRejections (node:internal/process/task_queues:95:5)\n    at async ProductsMOngo.getById (file:///C:/Users/javie/OneDrive/Escritorio/coder_latest_proyects/mocking-testing/src/DAO/classes/productsClass.js:46:23)","stringValue":"\"4\"","value":"4","valueType":"string"}
[31merror[39m: ha ocurrido un error al realizar la consulta : user is not defined {"stack":"ReferenceError: user is not defined\n    at new UserDTO (file:///C:/Users/javie/OneDrive/Escritorio/coder_latest_proyects/mocking-testing/src/DAO/DTO/userDto.js:4:13)\n    at file:///C:/Users/javie/OneDrive/Escritorio/coder_latest_proyects/mocking-testing/src/DAO/classes/userClass.js:105:43\n    at Array.map (<anonymous>)\n    at UserMongo.getAllUsers (file:///C:/Users/javie/OneDrive/Escritorio/coder_latest_proyects/mocking-testing/src/DAO/classes/userClass.js:105:33)\n    at process.processTicksAndRejections (node:internal/process/task_queues:95:5)\n    at async getAllUsers (file:///C:/Users/javie/OneDrive/Escritorio/coder_latest_proyects/mocking-testing/src/server_controlers/usersControler.js:8:24)"}
[31merror[39m: error interno del servidor:  user is not defined {"stack":"ReferenceError: user is not defined\n    at new UserDTO (file:///C:/Users/javie/OneDrive/Escritorio/coder_latest_proyects/mocking-testing/src/DAO/DTO/userDto.js:4:13)\n    at file:///C:/Users/javie/OneDrive/Escritorio/coder_latest_proyects/mocking-testing/src/DAO/classes/userClass.js:105:43\n    at Array.map (<anonymous>)\n    at UserMongo.getAllUsers (file:///C:/Users/javie/OneDrive/Escritorio/coder_latest_proyects/mocking-testing/src/DAO/classes/userClass.js:105:33)\n    at process.processTicksAndRejections (node:internal/process/task_queues:95:5)\n    at async getAllUsers (file:///C:/Users/javie/OneDrive/Escritorio/coder_latest_proyects/mocking-testing/src/server_controlers/usersControler.js:8:24)"}
[31merror[39m: ha ocurrido un error al realizar la consulta : user is not defined {"stack":"ReferenceError: user is not defined\n    at new UserDTO (file:///C:/Users/javie/OneDrive/Escritorio/coder_latest_proyects/mocking-testing/src/DAO/DTO/userDto.js:4:13)\n    at file:///C:/Users/javie/OneDrive/Escritorio/coder_latest_proyects/mocking-testing/src/DAO/classes/userClass.js:105:43\n    at Array.map (<anonymous>)\n    at UserMongo.getAllUsers (file:///C:/Users/javie/OneDrive/Escritorio/coder_latest_proyects/mocking-testing/src/DAO/classes/userClass.js:105:33)\n    at process.processTicksAndRejections (node:internal/process/task_queues:95:5)\n    at async getAllUsers (file:///C:/Users/javie/OneDrive/Escritorio/coder_latest_proyects/mocking-testing/src/server_controlers/usersControler.js:8:24)"}
[31merror[39m: error interno del servidor:  user is not defined {"stack":"ReferenceError: user is not defined\n    at new UserDTO (file:///C:/Users/javie/OneDrive/Escritorio/coder_latest_proyects/mocking-testing/src/DAO/DTO/userDto.js:4:13)\n    at file:///C:/Users/javie/OneDrive/Escritorio/coder_latest_proyects/mocking-testing/src/DAO/classes/userClass.js:105:43\n    at Array.map (<anonymous>)\n    at UserMongo.getAllUsers (file:///C:/Users/javie/OneDrive/Escritorio/coder_latest_proyects/mocking-testing/src/DAO/classes/userClass.js:105:33)\n    at process.processTicksAndRejections (node:internal/process/task_queues:95:5)\n    at async getAllUsers (file:///C:/Users/javie/OneDrive/Escritorio/coder_latest_proyects/mocking-testing/src/server_controlers/usersControler.js:8:24)"}
[31merror[39m: ha ocurrido un error al realizar la consulta : user is not defined {"stack":"ReferenceError: user is not defined\n    at new UserDTO (file:///C:/Users/javie/OneDrive/Escritorio/coder_latest_proyects/mocking-testing/src/DAO/DTO/userDto.js:4:13)\n    at file:///C:/Users/javie/OneDrive/Escritorio/coder_latest_proyects/mocking-testing/src/DAO/classes/userClass.js:106:46\n    at Array.map (<anonymous>)\n    at UserMongo.getAllUsers (file:///C:/Users/javie/OneDrive/Escritorio/coder_latest_proyects/mocking-testing/src/DAO/classes/userClass.js:106:36)\n    at process.processTicksAndRejections (node:internal/process/task_queues:95:5)\n    at async getAllUsers (file:///C:/Users/javie/OneDrive/Escritorio/coder_latest_proyects/mocking-testing/src/server_controlers/usersControler.js:8:24)"}
[31merror[39m: error interno del servidor:  user is not defined {"stack":"ReferenceError: user is not defined\n    at new UserDTO (file:///C:/Users/javie/OneDrive/Escritorio/coder_latest_proyects/mocking-testing/src/DAO/DTO/userDto.js:4:13)\n    at file:///C:/Users/javie/OneDrive/Escritorio/coder_latest_proyects/mocking-testing/src/DAO/classes/userClass.js:106:46\n    at Array.map (<anonymous>)\n    at UserMongo.getAllUsers (file:///C:/Users/javie/OneDrive/Escritorio/coder_latest_proyects/mocking-testing/src/DAO/classes/userClass.js:106:36)\n    at process.processTicksAndRejections (node:internal/process/task_queues:95:5)\n    at async getAllUsers (file:///C:/Users/javie/OneDrive/Escritorio/coder_latest_proyects/mocking-testing/src/server_controlers/usersControler.js:8:24)"}
[31merror[39m: ha ocurrido un error en la db al realizar la consulta:  Cast to ObjectId failed for value "alt="foto" (type string) at path "_id" for model "users" {"kind":"ObjectId","path":"_id","reason":{},"stack":"CastError: Cast to ObjectId failed for value \"alt=\"foto\" (type string) at path \"_id\" for model \"users\"\n    at SchemaObjectId.cast (C:\\Users\\javie\\OneDrive\\Escritorio\\coder_latest_proyects\\mocking-testing\\node_modules\\mongoose\\lib\\schema\\objectId.js:250:11)\n    at SchemaType.applySetters (C:\\Users\\javie\\OneDrive\\Escritorio\\coder_latest_proyects\\mocking-testing\\node_modules\\mongoose\\lib\\schemaType.js:1219:12)\n    at SchemaType.castForQuery (C:\\Users\\javie\\OneDrive\\Escritorio\\coder_latest_proyects\\mocking-testing\\node_modules\\mongoose\\lib\\schemaType.js:1633:15)\n    at cast (C:\\Users\\javie\\OneDrive\\Escritorio\\coder_latest_proyects\\mocking-testing\\node_modules\\mongoose\\lib\\cast.js:375:32)\n    at Query.cast (C:\\Users\\javie\\OneDrive\\Escritorio\\coder_latest_proyects\\mocking-testing\\node_modules\\mongoose\\lib\\query.js:4768:12)\n    at Query._castConditions (C:\\Users\\javie\\OneDrive\\Escritorio\\coder_latest_proyects\\mocking-testing\\node_modules\\mongoose\\lib\\query.js:2200:10)\n    at model.Query._findOne (C:\\Users\\javie\\OneDrive\\Escritorio\\coder_latest_proyects\\mocking-testing\\node_modules\\mongoose\\lib\\query.js:2484:8)\n    at model.Query.exec (C:\\Users\\javie\\OneDrive\\Escritorio\\coder_latest_proyects\\mocking-testing\\node_modules\\mongoose\\lib\\query.js:4290:80)\n    at process.processTicksAndRejections (node:internal/process/task_queues:95:5)\n    at async UserMongo.getUserById (file:///C:/Users/javie/OneDrive/Escritorio/coder_latest_proyects/mocking-testing/src/DAO/classes/userClass.js:101:18)","stringValue":"\"alt=\"foto\"","value":"alt=\"foto","valueType":"string"}
[31merror[39m: ha ocurrido un error en la db al realizar la consulta:  Cast to ObjectId failed for value "alt="foto" (type string) at path "_id" for model "users" {"kind":"ObjectId","path":"_id","reason":{},"stack":"CastError: Cast to ObjectId failed for value \"alt=\"foto\" (type string) at path \"_id\" for model \"users\"\n    at SchemaObjectId.cast (C:\\Users\\javie\\OneDrive\\Escritorio\\coder_latest_proyects\\mocking-testing\\node_modules\\mongoose\\lib\\schema\\objectId.js:250:11)\n    at SchemaType.applySetters (C:\\Users\\javie\\OneDrive\\Escritorio\\coder_latest_proyects\\mocking-testing\\node_modules\\mongoose\\lib\\schemaType.js:1219:12)\n    at SchemaType.castForQuery (C:\\Users\\javie\\OneDrive\\Escritorio\\coder_latest_proyects\\mocking-testing\\node_modules\\mongoose\\lib\\schemaType.js:1633:15)\n    at cast (C:\\Users\\javie\\OneDrive\\Escritorio\\coder_latest_proyects\\mocking-testing\\node_modules\\mongoose\\lib\\cast.js:375:32)\n    at Query.cast (C:\\Users\\javie\\OneDrive\\Escritorio\\coder_latest_proyects\\mocking-testing\\node_modules\\mongoose\\lib\\query.js:4768:12)\n    at Query._castConditions (C:\\Users\\javie\\OneDrive\\Escritorio\\coder_latest_proyects\\mocking-testing\\node_modules\\mongoose\\lib\\query.js:2200:10)\n    at model.Query._findOne (C:\\Users\\javie\\OneDrive\\Escritorio\\coder_latest_proyects\\mocking-testing\\node_modules\\mongoose\\lib\\query.js:2484:8)\n    at model.Query.exec (C:\\Users\\javie\\OneDrive\\Escritorio\\coder_latest_proyects\\mocking-testing\\node_modules\\mongoose\\lib\\query.js:4290:80)\n    at process.processTicksAndRejections (node:internal/process/task_queues:95:5)\n    at async UserMongo.getUserById (file:///C:/Users/javie/OneDrive/Escritorio/coder_latest_proyects/mocking-testing/src/DAO/classes/userClass.js:101:18)","stringValue":"\"alt=\"foto\"","value":"alt=\"foto","valueType":"string"}
[31merror[39m: ha ocurrido un error en la db al realizar la consulta:  Cast to ObjectId failed for value "alt="foto" (type string) at path "_id" for model "users" {"kind":"ObjectId","path":"_id","reason":{},"stack":"CastError: Cast to ObjectId failed for value \"alt=\"foto\" (type string) at path \"_id\" for model \"users\"\n    at SchemaObjectId.cast (C:\\Users\\javie\\OneDrive\\Escritorio\\coder_latest_proyects\\mocking-testing\\node_modules\\mongoose\\lib\\schema\\objectId.js:250:11)\n    at SchemaType.applySetters (C:\\Users\\javie\\OneDrive\\Escritorio\\coder_latest_proyects\\mocking-testing\\node_modules\\mongoose\\lib\\schemaType.js:1219:12)\n    at SchemaType.castForQuery (C:\\Users\\javie\\OneDrive\\Escritorio\\coder_latest_proyects\\mocking-testing\\node_modules\\mongoose\\lib\\schemaType.js:1633:15)\n    at cast (C:\\Users\\javie\\OneDrive\\Escritorio\\coder_latest_proyects\\mocking-testing\\node_modules\\mongoose\\lib\\cast.js:375:32)\n    at Query.cast (C:\\Users\\javie\\OneDrive\\Escritorio\\coder_latest_proyects\\mocking-testing\\node_modules\\mongoose\\lib\\query.js:4768:12)\n    at Query._castConditions (C:\\Users\\javie\\OneDrive\\Escritorio\\coder_latest_proyects\\mocking-testing\\node_modules\\mongoose\\lib\\query.js:2200:10)\n    at model.Query._findOne (C:\\Users\\javie\\OneDrive\\Escritorio\\coder_latest_proyects\\mocking-testing\\node_modules\\mongoose\\lib\\query.js:2484:8)\n    at model.Query.exec (C:\\Users\\javie\\OneDrive\\Escritorio\\coder_latest_proyects\\mocking-testing\\node_modules\\mongoose\\lib\\query.js:4290:80)\n    at process.processTicksAndRejections (node:internal/process/task_queues:95:5)\n    at async UserMongo.getUserById (file:///C:/Users/javie/OneDrive/Escritorio/coder_latest_proyects/mocking-testing/src/DAO/classes/userClass.js:101:18)","stringValue":"\"alt=\"foto\"","value":"alt=\"foto","valueType":"string"}
[31merror[39m: ha ocurrido un error en la db al realizar la consulta:  Cast to ObjectId failed for value "alt="foto" (type string) at path "_id" for model "users" {"kind":"ObjectId","path":"_id","reason":{},"stack":"CastError: Cast to ObjectId failed for value \"alt=\"foto\" (type string) at path \"_id\" for model \"users\"\n    at SchemaObjectId.cast (C:\\Users\\javie\\OneDrive\\Escritorio\\coder_latest_proyects\\mocking-testing\\node_modules\\mongoose\\lib\\schema\\objectId.js:250:11)\n    at SchemaType.applySetters (C:\\Users\\javie\\OneDrive\\Escritorio\\coder_latest_proyects\\mocking-testing\\node_modules\\mongoose\\lib\\schemaType.js:1219:12)\n    at SchemaType.castForQuery (C:\\Users\\javie\\OneDrive\\Escritorio\\coder_latest_proyects\\mocking-testing\\node_modules\\mongoose\\lib\\schemaType.js:1633:15)\n    at cast (C:\\Users\\javie\\OneDrive\\Escritorio\\coder_latest_proyects\\mocking-testing\\node_modules\\mongoose\\lib\\cast.js:375:32)\n    at Query.cast (C:\\Users\\javie\\OneDrive\\Escritorio\\coder_latest_proyects\\mocking-testing\\node_modules\\mongoose\\lib\\query.js:4768:12)\n    at Query._castConditions (C:\\Users\\javie\\OneDrive\\Escritorio\\coder_latest_proyects\\mocking-testing\\node_modules\\mongoose\\lib\\query.js:2200:10)\n    at model.Query._findOne (C:\\Users\\javie\\OneDrive\\Escritorio\\coder_latest_proyects\\mocking-testing\\node_modules\\mongoose\\lib\\query.js:2484:8)\n    at model.Query.exec (C:\\Users\\javie\\OneDrive\\Escritorio\\coder_latest_proyects\\mocking-testing\\node_modules\\mongoose\\lib\\query.js:4290:80)\n    at process.processTicksAndRejections (node:internal/process/task_queues:95:5)\n    at async UserMongo.getUserById (file:///C:/Users/javie/OneDrive/Escritorio/coder_latest_proyects/mocking-testing/src/DAO/classes/userClass.js:101:18)","stringValue":"\"alt=\"foto\"","value":"alt=\"foto","valueType":"string"}
[31merror[39m: Ha ocurrido un error al realizar la consulta : (intermediate value).toLocaleDate is not a function {"stack":"TypeError: (intermediate value).toLocaleDate is not a function\n    at UserMongo.deleteUser (file:///C:/Users/javie/OneDrive/Escritorio/coder_latest_proyects/mocking-testing/src/DAO/classes/userClass.js:131:37)\n    at process.processTicksAndRejections (node:internal/process/task_queues:95:5)\n    at async deleteUsers (file:///C:/Users/javie/OneDrive/Escritorio/coder_latest_proyects/mocking-testing/src/server_controlers/usersControler.js:21:30)"}
[31merror[39m: error interno del servidor:  (intermediate value).toLocaleDate is not a function {"stack":"TypeError: (intermediate value).toLocaleDate is not a function\n    at UserMongo.deleteUser (file:///C:/Users/javie/OneDrive/Escritorio/coder_latest_proyects/mocking-testing/src/DAO/classes/userClass.js:131:37)\n    at process.processTicksAndRejections (node:internal/process/task_queues:95:5)\n    at async deleteUsers (file:///C:/Users/javie/OneDrive/Escritorio/coder_latest_proyects/mocking-testing/src/server_controlers/usersControler.js:21:30)"}
[31merror[39m: error owner.save is not a function {"stack":"TypeError: owner.save is not a function\n    at ProductsMOngo.deleteProduct (file:///C:/Users/javie/OneDrive/Escritorio/coder_latest_proyects/mocking-testing/src/DAO/classes/productsClass.js:87:15)\n    at process.processTicksAndRejections (node:internal/process/task_queues:95:5)\n    at async deleteProduct (file:///C:/Users/javie/OneDrive/Escritorio/coder_latest_proyects/mocking-testing/src/server_controlers/products.controler.js:116:20)"}
[31merror[39m: error Cannot read properties of null (reading 'owner') {"stack":"TypeError: Cannot read properties of null (reading 'owner')\n    at ProductsMOngo.deleteProduct (file:///C:/Users/javie/OneDrive/Escritorio/coder_latest_proyects/mocking-testing/src/DAO/classes/productsClass.js:80:30)\n    at process.processTicksAndRejections (node:internal/process/task_queues:95:5)\n    at async deleteProduct (file:///C:/Users/javie/OneDrive/Escritorio/coder_latest_proyects/mocking-testing/src/server_controlers/products.controler.js:116:20)"}
[31merror[39m: error Cannot read properties of null (reading 'owner') {"stack":"TypeError: Cannot read properties of null (reading 'owner')\n    at ProductsMOngo.deleteProduct (file:///C:/Users/javie/OneDrive/Escritorio/coder_latest_proyects/mocking-testing/src/DAO/classes/productsClass.js:80:30)\n    at process.processTicksAndRejections (node:internal/process/task_queues:95:5)\n    at async deleteProduct (file:///C:/Users/javie/OneDrive/Escritorio/coder_latest_proyects/mocking-testing/src/server_controlers/products.controler.js:116:20)"}
[31merror[39m: error Cannot read properties of null (reading '_id') {"stack":"TypeError: Cannot read properties of null (reading '_id')\n    at ProductsMOngo.deleteProduct (file:///C:/Users/javie/OneDrive/Escritorio/coder_latest_proyects/mocking-testing/src/DAO/classes/productsClass.js:89:94)\n    at process.processTicksAndRejections (node:internal/process/task_queues:95:5)\n    at async deleteProduct (file:///C:/Users/javie/OneDrive/Escritorio/coder_latest_proyects/mocking-testing/src/server_controlers/products.controler.js:116:20)"}
[31merror[39m: error al obtener usuario:  Cannot read properties of null (reading 'carts') {"stack":"TypeError: Cannot read properties of null (reading 'carts')\n    at CartsMongo.userCarts (file:///C:/Users/javie/OneDrive/Escritorio/coder_latest_proyects/mocking-testing/src/DAO/classes/cartsClass.js:44:19)\n    at process.processTicksAndRejections (node:internal/process/task_queues:95:5)\n    at async getUserCart (file:///C:/Users/javie/OneDrive/Escritorio/coder_latest_proyects/mocking-testing/src/server_controlers/cart.controler.js:27:18)"}
[31merror[39m: error al obtener usuario:  Cannot read properties of null (reading 'carts') {"stack":"TypeError: Cannot read properties of null (reading 'carts')\n    at CartsMongo.userCarts (file:///C:/Users/javie/OneDrive/Escritorio/coder_latest_proyects/mocking-testing/src/DAO/classes/cartsClass.js:44:19)\n    at process.processTicksAndRejections (node:internal/process/task_queues:95:5)\n    at async getUserCart (file:///C:/Users/javie/OneDrive/Escritorio/coder_latest_proyects/mocking-testing/src/server_controlers/cart.controler.js:27:18)"}
[31merror[39m: ha ocurrido un error interno en el servidor:  Cannot read properties of null (reading 'products') {"stack":"TypeError: Cannot read properties of null (reading 'products')\n    at getById (file:///C:/Users/javie/OneDrive/Escritorio/coder_latest_proyects/mocking-testing/src/server_controlers/cart.controler.js:37:26)\n    at process.processTicksAndRejections (node:internal/process/task_queues:95:5)"}
[31merror[39m: ha ocurrido un error interno en el servidor:  cid is not defined {"stack":"ReferenceError: cid is not defined\n    at getById (file:///C:/Users/javie/OneDrive/Escritorio/coder_latest_proyects/mocking-testing/src/server_controlers/cart.controler.js:42:33)\n    at process.processTicksAndRejections (node:internal/process/task_queues:95:5)"}
[31merror[39m: ha ocurrido un error interno en el servidor:  cid is not defined {"stack":"ReferenceError: cid is not defined\n    at getById (file:///C:/Users/javie/OneDrive/Escritorio/coder_latest_proyects/mocking-testing/src/server_controlers/cart.controler.js:42:33)\n    at process.processTicksAndRejections (node:internal/process/task_queues:95:5)"}
